Сборка начата 08.05.2024 15:15:33.
Уровень детализации журнала: Normal.     1>Проект "C:\Users\admin\Documents\уник\оаип 2 сем\laba 10\laba 10\10_2\10_2.vcxproj" в узле 2 (целевые объекты Build).
     1>PrepareForBuild:
         Структурированный вывод включен. Форматирование диагностики компилятора будет отражать иерархию ошибок. Подробнее см. https://aka.ms/cpp/structured-output.
       InitializeBuildStatus:
         Создание "Debug\10_2.tlog\unsuccessfulbuild", так как было задано "AlwaysCreate".
         Обращение к "Debug\10_2.tlog\unsuccessfulbuild".
       ClCompile:
         C:\Program Files\Microsoft Visual Studio\2022\Community\VC\Tools\MSVC\14.38.33130\bin\HostX86\x86\CL.exe /c /ZI /JMC /nologo /W3 /WX- /diagnostics:column /sdl /Od /Oy- /D WIN32 /D _DEBUG /D _CONSOLE /D _UNICODE /D UNICODE /Gm- /EHsc /RTC1 /MDd /GS /fp:precise /Zc:wchar_t /Zc:forScope /Zc:inline /permissive- /Fo"Debug\\" /Fd"Debug\vc143.pdb" /external:W3 /Gd /TP /analyze- /FC /errorReport:prompt 10_2.cpp
         10_2.cpp
       Link:
         C:\Program Files\Microsoft Visual Studio\2022\Community\VC\Tools\MSVC\14.38.33130\bin\HostX86\x86\link.exe /ERRORREPORT:PROMPT /OUT:"C:\Users\admin\Documents\уник\оаип 2 сем\laba 10\laba 10\Debug\10_2.exe" /INCREMENTAL /ILK:"Debug\10_2.ilk" /NOLOGO kernel32.lib user32.lib gdi32.lib winspool.lib comdlg32.lib advapi32.lib shell32.lib ole32.lib oleaut32.lib uuid.lib odbc32.lib odbccp32.lib /MANIFEST /MANIFESTUAC:"level='asInvoker' uiAccess='false'" /manifest:embed /DEBUG /PDB:"C:\Users\admin\Documents\уник\оаип 2 сем\laba 10\laba 10\Debug\10_2.pdb" /SUBSYSTEM:CONSOLE /TLBID:1 /DYNAMICBASE /NXCOMPAT /IMPLIB:"C:\Users\admin\Documents\уник\оаип 2 сем\laba 10\laba 10\Debug\10_2.lib" /MACHINE:X86 Debug\10_2.obj
         10_2.vcxproj -> C:\Users\admin\Documents\уник\оаип 2 сем\laba 10\laba 10\Debug\10_2.exe
       FinalizeBuildStatus:
         Файл "Debug\10_2.tlog\unsuccessfulbuild" удаляется.
         Обращение к "Debug\10_2.tlog\10_2.lastbuildstate".
     1>Сборка проекта "C:\Users\admin\Documents\уник\оаип 2 сем\laba 10\laba 10\10_2\10_2.vcxproj" завершена (целевые объекты Build).

Сборка успешно завершена.
    Предупреждений: 0
    Ошибок: 0

Прошло времени 00:00:01.32
